{"/Users/ren/WebstormProjects/myblog/index.js":{"path":"/Users/ren/WebstormProjects/myblog/index.js","s":{"1":1,"2":1,"3":1,"4":1,"5":1,"6":1,"7":1,"8":1,"9":1,"10":1,"11":1,"12":1,"13":1,"14":1,"15":1,"16":1,"17":1,"18":1,"19":1,"20":6,"21":6,"22":6,"23":6,"24":1,"25":0,"26":1,"27":1,"28":1,"29":1,"30":1,"31":0,"32":0},"b":{"1":[1,0]},"f":{},"fnMap":{},"statementMap":{"1":{"start":{"line":5,"column":0},"end":{"line":5,"column":33}},"2":{"start":{"line":6,"column":0},"end":{"line":6,"column":20}},"3":{"start":{"line":7,"column":0},"end":{"line":7,"column":27}},"4":{"start":{"line":8,"column":0},"end":{"line":8,"column":41}},"5":{"start":{"line":9,"column":0},"end":{"line":9,"column":51}},"6":{"start":{"line":10,"column":0},"end":{"line":10,"column":37}},"7":{"start":{"line":11,"column":0},"end":{"line":11,"column":36}},"8":{"start":{"line":12,"column":0},"end":{"line":12,"column":35}},"9":{"start":{"line":13,"column":0},"end":{"line":13,"column":31}},"10":{"start":{"line":14,"column":0},"end":{"line":14,"column":33}},"11":{"start":{"line":15,"column":0},"end":{"line":15,"column":48}},"12":{"start":{"line":18,"column":0},"end":{"line":18,"column":48}},"13":{"start":{"line":19,"column":0},"end":{"line":19,"column":30}},"14":{"start":{"line":21,"column":0},"end":{"line":21,"column":56}},"15":{"start":{"line":23,"column":0},"end":{"line":34,"column":4}},"16":{"start":{"line":36,"column":0},"end":{"line":36,"column":17}},"17":{"start":{"line":39,"column":0},"end":{"line":42,"column":3}},"18":{"start":{"line":44,"column":0},"end":{"line":47,"column":2}},"19":{"start":{"line":49,"column":0},"end":{"line":54,"column":3}},"20":{"start":{"line":50,"column":2},"end":{"line":50,"column":37}},"21":{"start":{"line":51,"column":2},"end":{"line":51,"column":55}},"22":{"start":{"line":52,"column":2},"end":{"line":52,"column":51}},"23":{"start":{"line":53,"column":2},"end":{"line":53,"column":9}},"24":{"start":{"line":55,"column":0},"end":{"line":59,"column":3}},"25":{"start":{"line":56,"column":2},"end":{"line":58,"column":5}},"26":{"start":{"line":61,"column":0},"end":{"line":71,"column":4}},"27":{"start":{"line":72,"column":0},"end":{"line":72,"column":13}},"28":{"start":{"line":74,"column":0},"end":{"line":84,"column":4}},"29":{"start":{"line":86,"column":0},"end":{"line":92,"column":1}},"30":{"start":{"line":87,"column":2},"end":{"line":87,"column":23}},"31":{"start":{"line":89,"column":2},"end":{"line":91,"column":5}},"32":{"start":{"line":90,"column":4},"end":{"line":90,"column":64}}},"branchMap":{"1":{"line":86,"type":"if","locations":[{"start":{"line":86,"column":0},"end":{"line":86,"column":0}},{"start":{"line":86,"column":0},"end":{"line":86,"column":0}}]}}},"/Users/ren/WebstormProjects/myblog/config/default.js":{"path":"/Users/ren/WebstormProjects/myblog/config/default.js","s":{"1":1},"b":{},"f":{},"fnMap":{},"statementMap":{"1":{"start":{"line":4,"column":0},"end":{"line":12,"column":1}}},"branchMap":{}},"/Users/ren/WebstormProjects/myblog/routers/index.js":{"path":"/Users/ren/WebstormProjects/myblog/routers/index.js","s":{"1":1,"2":1,"3":0,"4":1,"5":1,"6":1,"7":1,"8":1,"9":5,"10":1},"b":{"1":[1,4]},"f":{},"fnMap":{},"statementMap":{"1":{"start":{"line":5,"column":0},"end":{"line":19,"column":2}},"2":{"start":{"line":6,"column":2},"end":{"line":8,"column":5}},"3":{"start":{"line":7,"column":4},"end":{"line":7,"column":27}},"4":{"start":{"line":9,"column":2},"end":{"line":9,"column":42}},"5":{"start":{"line":10,"column":2},"end":{"line":10,"column":42}},"6":{"start":{"line":11,"column":2},"end":{"line":11,"column":44}},"7":{"start":{"line":12,"column":2},"end":{"line":12,"column":40}},"8":{"start":{"line":14,"column":2},"end":{"line":18,"column":5}},"9":{"start":{"line":15,"column":4},"end":{"line":17,"column":5}},"10":{"start":{"line":16,"column":6},"end":{"line":16,"column":42}}},"branchMap":{"1":{"line":15,"type":"if","locations":[{"start":{"line":15,"column":4},"end":{"line":15,"column":4}},{"start":{"line":15,"column":4},"end":{"line":15,"column":4}}]}}},"/Users/ren/WebstormProjects/myblog/routers/signup.js":{"path":"/Users/ren/WebstormProjects/myblog/routers/signup.js","s":{"1":1,"2":1,"3":1,"4":1,"5":1,"6":1,"7":1,"8":1,"9":2,"10":1,"11":4,"12":4,"13":4,"14":4,"15":4,"16":4,"17":4,"18":4,"19":1,"20":3,"21":1,"22":2,"23":0,"24":2,"25":0,"26":2,"27":0,"28":2,"29":0,"30":2,"31":2,"32":2,"33":2,"34":2,"35":2,"36":1,"37":1,"38":1,"39":1,"40":1,"41":1,"42":0,"43":0,"44":0,"45":0,"46":1},"b":{"1":[1,3],"2":[4,3],"3":[1,2],"4":[0,2],"5":[2,2],"6":[0,2],"7":[0,2],"8":[0,2],"9":[0,0]},"f":{},"fnMap":{},"statementMap":{"1":{"start":{"line":5,"column":0},"end":{"line":5,"column":23}},"2":{"start":{"line":6,"column":0},"end":{"line":6,"column":27}},"3":{"start":{"line":7,"column":0},"end":{"line":7,"column":27}},"4":{"start":{"line":8,"column":0},"end":{"line":8,"column":33}},"5":{"start":{"line":9,"column":0},"end":{"line":9,"column":30}},"6":{"start":{"line":11,"column":0},"end":{"line":11,"column":43}},"7":{"start":{"line":12,"column":0},"end":{"line":12,"column":66}},"8":{"start":{"line":13,"column":0},"end":{"line":15,"column":3}},"9":{"start":{"line":14,"column":2},"end":{"line":14,"column":23}},"10":{"start":{"line":17,"column":0},"end":{"line":80,"column":3}},"11":{"start":{"line":18,"column":2},"end":{"line":18,"column":29}},"12":{"start":{"line":19,"column":2},"end":{"line":19,"column":33}},"13":{"start":{"line":20,"column":2},"end":{"line":20,"column":27}},"14":{"start":{"line":21,"column":2},"end":{"line":21,"column":59}},"15":{"start":{"line":22,"column":2},"end":{"line":22,"column":37}},"16":{"start":{"line":23,"column":2},"end":{"line":23,"column":41}},"17":{"start":{"line":25,"column":2},"end":{"line":49,"column":3}},"18":{"start":{"line":26,"column":4},"end":{"line":28,"column":5}},"19":{"start":{"line":27,"column":6},"end":{"line":27,"column":41}},"20":{"start":{"line":29,"column":4},"end":{"line":31,"column":5}},"21":{"start":{"line":30,"column":6},"end":{"line":30,"column":39}},"22":{"start":{"line":32,"column":4},"end":{"line":34,"column":5}},"23":{"start":{"line":33,"column":6},"end":{"line":33,"column":43}},"24":{"start":{"line":35,"column":4},"end":{"line":37,"column":5}},"25":{"start":{"line":36,"column":6},"end":{"line":36,"column":30}},"26":{"start":{"line":38,"column":4},"end":{"line":40,"column":5}},"27":{"start":{"line":39,"column":6},"end":{"line":39,"column":36}},"28":{"start":{"line":41,"column":4},"end":{"line":43,"column":5}},"29":{"start":{"line":42,"column":6},"end":{"line":42,"column":35}},"30":{"start":{"line":46,"column":4},"end":{"line":46,"column":37}},"31":{"start":{"line":47,"column":4},"end":{"line":47,"column":34}},"32":{"start":{"line":48,"column":4},"end":{"line":48,"column":35}},"33":{"start":{"line":50,"column":2},"end":{"line":50,"column":28}},"34":{"start":{"line":52,"column":2},"end":{"line":58,"column":4}},"35":{"start":{"line":60,"column":2},"end":{"line":79,"column":5}},"36":{"start":{"line":62,"column":4},"end":{"line":62,"column":25}},"37":{"start":{"line":64,"column":4},"end":{"line":64,"column":25}},"38":{"start":{"line":65,"column":4},"end":{"line":65,"column":28}},"39":{"start":{"line":67,"column":4},"end":{"line":67,"column":33}},"40":{"start":{"line":69,"column":4},"end":{"line":69,"column":27}},"41":{"start":{"line":73,"column":4},"end":{"line":73,"column":37}},"42":{"start":{"line":74,"column":4},"end":{"line":77,"column":5}},"43":{"start":{"line":75,"column":6},"end":{"line":75,"column":36}},"44":{"start":{"line":76,"column":6},"end":{"line":76,"column":37}},"45":{"start":{"line":78,"column":4},"end":{"line":78,"column":12}},"46":{"start":{"line":82,"column":0},"end":{"line":82,"column":24}}},"branchMap":{"1":{"line":26,"type":"if","locations":[{"start":{"line":26,"column":4},"end":{"line":26,"column":4}},{"start":{"line":26,"column":4},"end":{"line":26,"column":4}}]},"2":{"line":26,"type":"binary-expr","locations":[{"start":{"line":26,"column":10},"end":{"line":26,"column":26}},{"start":{"line":26,"column":30},"end":{"line":26,"column":47}}]},"3":{"line":29,"type":"if","locations":[{"start":{"line":29,"column":4},"end":{"line":29,"column":4}},{"start":{"line":29,"column":4},"end":{"line":29,"column":4}}]},"4":{"line":32,"type":"if","locations":[{"start":{"line":32,"column":4},"end":{"line":32,"column":4}},{"start":{"line":32,"column":4},"end":{"line":32,"column":4}}]},"5":{"line":32,"type":"binary-expr","locations":[{"start":{"line":32,"column":10},"end":{"line":32,"column":25}},{"start":{"line":32,"column":29},"end":{"line":32,"column":45}}]},"6":{"line":35,"type":"if","locations":[{"start":{"line":35,"column":4},"end":{"line":35,"column":4}},{"start":{"line":35,"column":4},"end":{"line":35,"column":4}}]},"7":{"line":38,"type":"if","locations":[{"start":{"line":38,"column":4},"end":{"line":38,"column":4}},{"start":{"line":38,"column":4},"end":{"line":38,"column":4}}]},"8":{"line":41,"type":"if","locations":[{"start":{"line":41,"column":4},"end":{"line":41,"column":4}},{"start":{"line":41,"column":4},"end":{"line":41,"column":4}}]},"9":{"line":74,"type":"if","locations":[{"start":{"line":74,"column":4},"end":{"line":74,"column":4}},{"start":{"line":74,"column":4},"end":{"line":74,"column":4}}]}}},"/Users/ren/WebstormProjects/myblog/models/users.js":{"path":"/Users/ren/WebstormProjects/myblog/models/users.js","s":{"1":1,"2":1,"3":2,"4":0},"b":{},"f":{},"fnMap":{},"statementMap":{"1":{"start":{"line":5,"column":0},"end":{"line":5,"column":40}},"2":{"start":{"line":6,"column":0},"end":{"line":17,"column":1}},"3":{"start":{"line":9,"column":4},"end":{"line":9,"column":36}},"4":{"start":{"line":12,"column":4},"end":{"line":15,"column":14}}},"branchMap":{}},"/Users/ren/WebstormProjects/myblog/lib/mongo.js":{"path":"/Users/ren/WebstormProjects/myblog/lib/mongo.js","s":{"1":1,"2":1,"3":1,"4":1,"5":1,"6":1,"7":0,"8":0,"9":0,"10":0,"11":0,"12":0,"13":1,"14":1,"15":1,"16":1,"17":1,"18":1,"19":1,"20":1},"b":{"1":[0,0]},"f":{},"fnMap":{},"statementMap":{"1":{"start":{"line":5,"column":0},"end":{"line":5,"column":36}},"2":{"start":{"line":6,"column":0},"end":{"line":6,"column":37}},"3":{"start":{"line":7,"column":0},"end":{"line":7,"column":31}},"4":{"start":{"line":8,"column":0},"end":{"line":8,"column":59}},"5":{"start":{"line":10,"column":0},"end":{"line":10,"column":32}},"6":{"start":{"line":13,"column":0},"end":{"line":26,"column":3}},"7":{"start":{"line":15,"column":4},"end":{"line":17,"column":7}},"8":{"start":{"line":16,"column":6},"end":{"line":16,"column":90}},"9":{"start":{"line":18,"column":4},"end":{"line":18,"column":18}},"10":{"start":{"line":21,"column":4},"end":{"line":23,"column":5}},"11":{"start":{"line":22,"column":6},"end":{"line":22,"column":92}},"12":{"start":{"line":24,"column":4},"end":{"line":24,"column":18}},"13":{"start":{"line":27,"column":0},"end":{"line":27,"column":34}},"14":{"start":{"line":30,"column":0},"end":{"line":36,"column":3}},"15":{"start":{"line":37,"column":0},"end":{"line":37,"column":53}},"16":{"start":{"line":40,"column":0},"end":{"line":45,"column":3}},"17":{"start":{"line":46,"column":0},"end":{"line":48,"column":10}},"18":{"start":{"line":50,"column":0},"end":{"line":54,"column":3}},"19":{"start":{"line":55,"column":0},"end":{"line":57,"column":10}},"20":{"start":{"line":58,"column":0},"end":{"line":60,"column":10}}},"branchMap":{"1":{"line":21,"type":"if","locations":[{"start":{"line":21,"column":4},"end":{"line":21,"column":4}},{"start":{"line":21,"column":4},"end":{"line":21,"column":4}}]}}},"/Users/ren/WebstormProjects/myblog/middlewares/check.js":{"path":"/Users/ren/WebstormProjects/myblog/middlewares/check.js","s":{"1":1,"2":0,"3":0,"4":0,"5":0,"6":4,"7":0,"8":0,"9":4},"b":{"1":[0,0],"2":[0,4]},"f":{"1":0,"2":4},"fnMap":{"1":{"name":"(anonymous_1)","line":6,"loc":{"start":{"line":6,"column":14},"end":{"line":6,"column":40}}},"2":{"name":"(anonymous_2)","line":13,"loc":{"start":{"line":13,"column":17},"end":{"line":13,"column":43}}}},"statementMap":{"1":{"start":{"line":5,"column":0},"end":{"line":20,"column":1}},"2":{"start":{"line":7,"column":4},"end":{"line":10,"column":5}},"3":{"start":{"line":8,"column":6},"end":{"line":8,"column":32}},"4":{"start":{"line":9,"column":6},"end":{"line":9,"column":37}},"5":{"start":{"line":11,"column":4},"end":{"line":11,"column":11}},"6":{"start":{"line":14,"column":4},"end":{"line":17,"column":5}},"7":{"start":{"line":15,"column":6},"end":{"line":15,"column":32}},"8":{"start":{"line":16,"column":6},"end":{"line":16,"column":34}},"9":{"start":{"line":18,"column":4},"end":{"line":18,"column":11}}},"branchMap":{"1":{"line":7,"type":"if","locations":[{"start":{"line":7,"column":4},"end":{"line":7,"column":4}},{"start":{"line":7,"column":4},"end":{"line":7,"column":4}}]},"2":{"line":14,"type":"if","locations":[{"start":{"line":14,"column":4},"end":{"line":14,"column":4}},{"start":{"line":14,"column":4},"end":{"line":14,"column":4}}]}}},"/Users/ren/WebstormProjects/myblog/routers/signin.js":{"path":"/Users/ren/WebstormProjects/myblog/routers/signin.js","s":{"1":1,"2":1,"3":1,"4":1,"5":1,"6":1,"7":0,"8":1,"9":0,"10":0,"11":0,"12":0,"13":0,"14":0,"15":0,"16":0,"17":0,"18":0,"19":0,"20":0,"21":0,"22":1},"b":{"1":[0,0],"2":[0,0]},"f":{},"fnMap":{},"statementMap":{"1":{"start":{"line":5,"column":0},"end":{"line":5,"column":27}},"2":{"start":{"line":6,"column":0},"end":{"line":6,"column":33}},"3":{"start":{"line":7,"column":0},"end":{"line":7,"column":30}},"4":{"start":{"line":8,"column":0},"end":{"line":8,"column":43}},"5":{"start":{"line":9,"column":0},"end":{"line":9,"column":66}},"6":{"start":{"line":10,"column":0},"end":{"line":12,"column":3}},"7":{"start":{"line":11,"column":2},"end":{"line":11,"column":23}},"8":{"start":{"line":13,"column":0},"end":{"line":34,"column":3}},"9":{"start":{"line":14,"column":2},"end":{"line":14,"column":29}},"10":{"start":{"line":15,"column":2},"end":{"line":15,"column":37}},"11":{"start":{"line":17,"column":2},"end":{"line":33,"column":19}},"12":{"start":{"line":19,"column":6},"end":{"line":22,"column":7}},"13":{"start":{"line":20,"column":8},"end":{"line":20,"column":36}},"14":{"start":{"line":21,"column":8},"end":{"line":21,"column":36}},"15":{"start":{"line":24,"column":6},"end":{"line":27,"column":7}},"16":{"start":{"line":25,"column":8},"end":{"line":25,"column":39}},"17":{"start":{"line":26,"column":8},"end":{"line":26,"column":36}},"18":{"start":{"line":29,"column":6},"end":{"line":29,"column":35}},"19":{"start":{"line":30,"column":6},"end":{"line":30,"column":27}},"20":{"start":{"line":31,"column":6},"end":{"line":31,"column":30}},"21":{"start":{"line":32,"column":6},"end":{"line":32,"column":29}},"22":{"start":{"line":35,"column":0},"end":{"line":35,"column":24}}},"branchMap":{"1":{"line":19,"type":"if","locations":[{"start":{"line":19,"column":6},"end":{"line":19,"column":6}},{"start":{"line":19,"column":6},"end":{"line":19,"column":6}}]},"2":{"line":24,"type":"if","locations":[{"start":{"line":24,"column":6},"end":{"line":24,"column":6}},{"start":{"line":24,"column":6},"end":{"line":24,"column":6}}]}}},"/Users/ren/WebstormProjects/myblog/routers/signout.js":{"path":"/Users/ren/WebstormProjects/myblog/routers/signout.js","s":{"1":1,"2":1,"3":1,"4":1,"5":0,"6":0,"7":0,"8":1},"b":{},"f":{},"fnMap":{},"statementMap":{"1":{"start":{"line":5,"column":0},"end":{"line":5,"column":33}},"2":{"start":{"line":6,"column":0},"end":{"line":6,"column":30}},"3":{"start":{"line":7,"column":0},"end":{"line":7,"column":60}},"4":{"start":{"line":8,"column":0},"end":{"line":12,"column":3}},"5":{"start":{"line":9,"column":2},"end":{"line":9,"column":24}},"6":{"start":{"line":10,"column":2},"end":{"line":10,"column":30}},"7":{"start":{"line":11,"column":2},"end":{"line":11,"column":25}},"8":{"start":{"line":14,"column":0},"end":{"line":14,"column":24}}},"branchMap":{}},"/Users/ren/WebstormProjects/myblog/routers/posts.js":{"path":"/Users/ren/WebstormProjects/myblog/routers/posts.js","s":{"1":1,"2":1,"3":1,"4":1,"5":1,"6":1,"7":0,"8":0,"9":0,"10":1,"11":0,"12":0,"13":0,"14":0,"15":0,"16":0,"17":0,"18":0,"19":0,"20":0,"21":0,"22":0,"23":0,"24":0,"25":0,"26":1,"27":0,"28":1,"29":0,"30":0,"31":0,"32":0,"33":0,"34":0,"35":0,"36":1,"37":0,"38":0,"39":0,"40":0,"41":0,"42":0,"43":0,"44":0,"45":1,"46":0,"47":0,"48":0,"49":0,"50":0,"51":0,"52":0,"53":1,"54":0,"55":0,"56":0,"57":0,"58":0,"59":1,"60":0,"61":0,"62":0,"63":0,"64":0,"65":0,"66":0,"67":1,"68":0,"69":0,"70":0,"71":0,"72":0,"73":1},"b":{"1":[0,0],"2":[0,0],"3":[0,0],"4":[0,0],"5":[0,0]},"f":{"1":0,"2":0},"fnMap":{"1":{"name":"(anonymous_1)","line":103,"loc":{"start":{"line":103,"column":10},"end":{"line":103,"column":22}}},"2":{"name":"(anonymous_2)","line":116,"loc":{"start":{"line":116,"column":10},"end":{"line":116,"column":22}}}},"statementMap":{"1":{"start":{"line":5,"column":0},"end":{"line":5,"column":33}},"2":{"start":{"line":6,"column":0},"end":{"line":6,"column":30}},"3":{"start":{"line":7,"column":0},"end":{"line":7,"column":60}},"4":{"start":{"line":8,"column":0},"end":{"line":8,"column":43}},"5":{"start":{"line":9,"column":0},"end":{"line":9,"column":49}},"6":{"start":{"line":11,"column":0},"end":{"line":19,"column":3}},"7":{"start":{"line":12,"column":2},"end":{"line":12,"column":32}},"8":{"start":{"line":13,"column":2},"end":{"line":18,"column":19}},"9":{"start":{"line":15,"column":6},"end":{"line":17,"column":9}},"10":{"start":{"line":21,"column":0},"end":{"line":53,"column":3}},"11":{"start":{"line":22,"column":2},"end":{"line":22,"column":36}},"12":{"start":{"line":23,"column":2},"end":{"line":23,"column":31}},"13":{"start":{"line":24,"column":2},"end":{"line":24,"column":35}},"14":{"start":{"line":27,"column":2},"end":{"line":37,"column":3}},"15":{"start":{"line":28,"column":4},"end":{"line":30,"column":5}},"16":{"start":{"line":29,"column":6},"end":{"line":29,"column":31}},"17":{"start":{"line":31,"column":4},"end":{"line":33,"column":5}},"18":{"start":{"line":32,"column":6},"end":{"line":32,"column":31}},"19":{"start":{"line":35,"column":4},"end":{"line":35,"column":34}},"20":{"start":{"line":36,"column":4},"end":{"line":36,"column":32}},"21":{"start":{"line":39,"column":2},"end":{"line":44,"column":4}},"22":{"start":{"line":46,"column":2},"end":{"line":52,"column":17}},"23":{"start":{"line":48,"column":6},"end":{"line":48,"column":27}},"24":{"start":{"line":49,"column":6},"end":{"line":49,"column":35}},"25":{"start":{"line":50,"column":6},"end":{"line":50,"column":41}},"26":{"start":{"line":55,"column":0},"end":{"line":57,"column":3}},"27":{"start":{"line":56,"column":2},"end":{"line":56,"column":23}},"28":{"start":{"line":59,"column":0},"end":{"line":76,"column":3}},"29":{"start":{"line":60,"column":2},"end":{"line":60,"column":33}},"30":{"start":{"line":61,"column":2},"end":{"line":75,"column":17}},"31":{"start":{"line":66,"column":4},"end":{"line":66,"column":25}},"32":{"start":{"line":67,"column":4},"end":{"line":67,"column":29}},"33":{"start":{"line":68,"column":4},"end":{"line":70,"column":5}},"34":{"start":{"line":69,"column":6},"end":{"line":69,"column":33}},"35":{"start":{"line":71,"column":4},"end":{"line":74,"column":7}},"36":{"start":{"line":78,"column":0},"end":{"line":94,"column":3}},"37":{"start":{"line":79,"column":2},"end":{"line":79,"column":33}},"38":{"start":{"line":80,"column":2},"end":{"line":80,"column":36}},"39":{"start":{"line":82,"column":2},"end":{"line":93,"column":18}},"40":{"start":{"line":84,"column":6},"end":{"line":86,"column":7}},"41":{"start":{"line":85,"column":8},"end":{"line":85,"column":34}},"42":{"start":{"line":87,"column":6},"end":{"line":89,"column":7}},"43":{"start":{"line":88,"column":8},"end":{"line":88,"column":32}},"44":{"start":{"line":90,"column":6},"end":{"line":92,"column":8}},"45":{"start":{"line":96,"column":0},"end":{"line":109,"column":3}},"46":{"start":{"line":97,"column":2},"end":{"line":97,"column":33}},"47":{"start":{"line":98,"column":2},"end":{"line":98,"column":36}},"48":{"start":{"line":99,"column":2},"end":{"line":99,"column":31}},"49":{"start":{"line":100,"column":2},"end":{"line":100,"column":35}},"50":{"start":{"line":102,"column":2},"end":{"line":108,"column":17}},"51":{"start":{"line":104,"column":6},"end":{"line":104,"column":37}},"52":{"start":{"line":106,"column":6},"end":{"line":106,"column":39}},"53":{"start":{"line":111,"column":0},"end":{"line":122,"column":2}},"54":{"start":{"line":112,"column":2},"end":{"line":112,"column":33}},"55":{"start":{"line":113,"column":2},"end":{"line":113,"column":36}},"56":{"start":{"line":115,"column":2},"end":{"line":121,"column":17}},"57":{"start":{"line":117,"column":6},"end":{"line":117,"column":37}},"58":{"start":{"line":119,"column":6},"end":{"line":119,"column":29}},"59":{"start":{"line":124,"column":0},"end":{"line":138,"column":3}},"60":{"start":{"line":125,"column":2},"end":{"line":125,"column":36}},"61":{"start":{"line":126,"column":2},"end":{"line":126,"column":33}},"62":{"start":{"line":127,"column":2},"end":{"line":127,"column":35}},"63":{"start":{"line":128,"column":2},"end":{"line":132,"column":3}},"64":{"start":{"line":133,"column":2},"end":{"line":137,"column":19}},"65":{"start":{"line":135,"column":6},"end":{"line":135,"column":35}},"66":{"start":{"line":136,"column":6},"end":{"line":136,"column":27}},"67":{"start":{"line":140,"column":0},"end":{"line":149,"column":3}},"68":{"start":{"line":141,"column":2},"end":{"line":141,"column":39}},"69":{"start":{"line":142,"column":2},"end":{"line":142,"column":34}},"70":{"start":{"line":143,"column":2},"end":{"line":148,"column":17}},"71":{"start":{"line":145,"column":6},"end":{"line":145,"column":37}},"72":{"start":{"line":146,"column":6},"end":{"line":146,"column":27}},"73":{"start":{"line":150,"column":0},"end":{"line":150,"column":24}}},"branchMap":{"1":{"line":28,"type":"if","locations":[{"start":{"line":28,"column":4},"end":{"line":28,"column":4}},{"start":{"line":28,"column":4},"end":{"line":28,"column":4}}]},"2":{"line":31,"type":"if","locations":[{"start":{"line":31,"column":4},"end":{"line":31,"column":4}},{"start":{"line":31,"column":4},"end":{"line":31,"column":4}}]},"3":{"line":68,"type":"if","locations":[{"start":{"line":68,"column":4},"end":{"line":68,"column":4}},{"start":{"line":68,"column":4},"end":{"line":68,"column":4}}]},"4":{"line":84,"type":"if","locations":[{"start":{"line":84,"column":6},"end":{"line":84,"column":6}},{"start":{"line":84,"column":6},"end":{"line":84,"column":6}}]},"5":{"line":87,"type":"if","locations":[{"start":{"line":87,"column":6},"end":{"line":87,"column":6}},{"start":{"line":87,"column":6},"end":{"line":87,"column":6}}]}}},"/Users/ren/WebstormProjects/myblog/models/posts.js":{"path":"/Users/ren/WebstormProjects/myblog/models/posts.js","s":{"1":1,"2":1,"3":1,"4":1,"5":0,"6":0,"7":0,"8":0,"9":0,"10":0,"11":0,"12":1,"13":0,"14":0,"15":0,"16":0,"17":0,"18":0,"19":1,"20":0,"21":0,"22":0,"23":0,"24":0,"25":0,"26":0,"27":0,"28":0,"29":0,"30":0,"31":0},"b":{"1":[0,0],"2":[0,0],"3":[0,0],"4":[0,0]},"f":{"1":0,"2":0,"3":0},"fnMap":{"1":{"name":"getRawPostById","line":77,"loc":{"start":{"line":77,"column":18},"end":{"line":77,"column":50}}},"2":{"name":"updatePostById","line":89,"loc":{"start":{"line":89,"column":18},"end":{"line":89,"column":64}}},"3":{"name":"delPostById","line":94,"loc":{"start":{"line":94,"column":15},"end":{"line":94,"column":52}}}},"statementMap":{"1":{"start":{"line":5,"column":0},"end":{"line":5,"column":31}},"2":{"start":{"line":6,"column":0},"end":{"line":6,"column":40}},"3":{"start":{"line":8,"column":0},"end":{"line":8,"column":41}},"4":{"start":{"line":10,"column":0},"end":{"line":25,"column":2}},"5":{"start":{"line":12,"column":4},"end":{"line":17,"column":7}},"6":{"start":{"line":13,"column":6},"end":{"line":16,"column":8}},"7":{"start":{"line":14,"column":8},"end":{"line":14,"column":43}},"8":{"start":{"line":15,"column":8},"end":{"line":15,"column":20}},"9":{"start":{"line":20,"column":4},"end":{"line":23,"column":6}},"10":{"start":{"line":21,"column":6},"end":{"line":21,"column":41}},"11":{"start":{"line":22,"column":6},"end":{"line":22,"column":18}},"12":{"start":{"line":28,"column":0},"end":{"line":41,"column":3}},"13":{"start":{"line":30,"column":4},"end":{"line":33,"column":7}},"14":{"start":{"line":31,"column":6},"end":{"line":31,"column":42}},"15":{"start":{"line":32,"column":6},"end":{"line":32,"column":18}},"16":{"start":{"line":36,"column":4},"end":{"line":38,"column":5}},"17":{"start":{"line":37,"column":6},"end":{"line":37,"column":42}},"18":{"start":{"line":39,"column":4},"end":{"line":39,"column":16}},"19":{"start":{"line":43,"column":0},"end":{"line":97,"column":1}},"20":{"start":{"line":46,"column":4},"end":{"line":46,"column":36}},"21":{"start":{"line":49,"column":4},"end":{"line":55,"column":14}},"22":{"start":{"line":58,"column":4},"end":{"line":58,"column":19}},"23":{"start":{"line":59,"column":4},"end":{"line":61,"column":5}},"24":{"start":{"line":60,"column":6},"end":{"line":60,"column":28}},"25":{"start":{"line":62,"column":4},"end":{"line":69,"column":14}},"26":{"start":{"line":72,"column":4},"end":{"line":74,"column":14}},"27":{"start":{"line":78,"column":4},"end":{"line":86,"column":9}},"28":{"start":{"line":83,"column":8},"end":{"line":85,"column":9}},"29":{"start":{"line":84,"column":10},"end":{"line":84,"column":57}},"30":{"start":{"line":90,"column":4},"end":{"line":90,"column":75}},"31":{"start":{"line":95,"column":4},"end":{"line":95,"column":61}}},"branchMap":{"1":{"line":36,"type":"if","locations":[{"start":{"line":36,"column":4},"end":{"line":36,"column":4}},{"start":{"line":36,"column":4},"end":{"line":36,"column":4}}]},"2":{"line":59,"type":"if","locations":[{"start":{"line":59,"column":4},"end":{"line":59,"column":4}},{"start":{"line":59,"column":4},"end":{"line":59,"column":4}}]},"3":{"line":83,"type":"if","locations":[{"start":{"line":83,"column":8},"end":{"line":83,"column":8}},{"start":{"line":83,"column":8},"end":{"line":83,"column":8}}]},"4":{"line":83,"type":"binary-expr","locations":[{"start":{"line":83,"column":12},"end":{"line":83,"column":25}},{"start":{"line":83,"column":29},"end":{"line":83,"column":45}}]}}},"/Users/ren/WebstormProjects/myblog/models/comments.js":{"path":"/Users/ren/WebstormProjects/myblog/models/comments.js","s":{"1":1,"2":1,"3":1,"4":0,"5":0,"6":0,"7":1,"8":0,"9":0,"10":0,"11":0,"12":0},"b":{},"f":{"1":0,"2":0},"fnMap":{"1":{"name":"(anonymous_1)","line":10,"loc":{"start":{"line":10,"column":13},"end":{"line":10,"column":33}}},"2":{"name":"(anonymous_2)","line":11,"loc":{"start":{"line":11,"column":24},"end":{"line":11,"column":43}}}},"statementMap":{"1":{"start":{"line":5,"column":0},"end":{"line":5,"column":29}},"2":{"start":{"line":6,"column":0},"end":{"line":6,"column":44}},"3":{"start":{"line":9,"column":0},"end":{"line":16,"column":3}},"4":{"start":{"line":11,"column":4},"end":{"line":14,"column":7}},"5":{"start":{"line":12,"column":6},"end":{"line":12,"column":48}},"6":{"start":{"line":13,"column":6},"end":{"line":13,"column":21}},"7":{"start":{"line":18,"column":0},"end":{"line":40,"column":1}},"8":{"start":{"line":20,"column":4},"end":{"line":20,"column":42}},"9":{"start":{"line":24,"column":4},"end":{"line":24,"column":64}},"10":{"start":{"line":27,"column":4},"end":{"line":27,"column":50}},"11":{"start":{"line":30,"column":4},"end":{"line":35,"column":14}},"12":{"start":{"line":38,"column":4},"end":{"line":38,"column":49}}},"branchMap":{}}}