TN:
SF:/Users/ren/WebstormProjects/myblog/index.js
FNF:0
FNH:0
DA:5,1
DA:6,1
DA:7,1
DA:8,1
DA:9,1
DA:10,1
DA:11,1
DA:12,1
DA:13,1
DA:14,1
DA:15,1
DA:18,1
DA:19,1
DA:21,1
DA:23,1
DA:36,1
DA:39,1
DA:44,1
DA:49,1
DA:50,6
DA:51,6
DA:52,6
DA:53,6
DA:55,1
DA:56,0
DA:61,1
DA:72,1
DA:74,1
DA:86,1
DA:87,1
DA:89,0
DA:90,0
LF:32
LH:29
BRDA:86,1,0,1
BRDA:86,1,1,0
BRF:2
BRH:1
end_of_record
TN:
SF:/Users/ren/WebstormProjects/myblog/config/default.js
FNF:0
FNH:0
DA:4,1
LF:1
LH:1
BRF:0
BRH:0
end_of_record
TN:
SF:/Users/ren/WebstormProjects/myblog/routers/index.js
FNF:0
FNH:0
DA:5,1
DA:6,1
DA:7,0
DA:9,1
DA:10,1
DA:11,1
DA:12,1
DA:14,1
DA:15,5
DA:16,1
LF:10
LH:9
BRDA:15,1,0,1
BRDA:15,1,1,4
BRF:2
BRH:2
end_of_record
TN:
SF:/Users/ren/WebstormProjects/myblog/routers/signup.js
FNF:0
FNH:0
DA:5,1
DA:6,1
DA:7,1
DA:8,1
DA:9,1
DA:11,1
DA:12,1
DA:13,1
DA:14,2
DA:17,1
DA:18,4
DA:19,4
DA:20,4
DA:21,4
DA:22,4
DA:23,4
DA:25,4
DA:26,4
DA:27,1
DA:29,3
DA:30,1
DA:32,2
DA:33,0
DA:35,2
DA:36,0
DA:38,2
DA:39,0
DA:41,2
DA:42,0
DA:46,2
DA:47,2
DA:48,2
DA:50,2
DA:52,2
DA:60,2
DA:62,1
DA:64,1
DA:65,1
DA:67,1
DA:69,1
DA:73,1
DA:74,0
DA:75,0
DA:76,0
DA:78,0
DA:82,1
LF:46
LH:38
BRDA:26,1,0,1
BRDA:26,1,1,3
BRDA:26,2,0,4
BRDA:26,2,1,3
BRDA:29,3,0,1
BRDA:29,3,1,2
BRDA:32,4,0,0
BRDA:32,4,1,2
BRDA:32,5,0,2
BRDA:32,5,1,2
BRDA:35,6,0,0
BRDA:35,6,1,2
BRDA:38,7,0,0
BRDA:38,7,1,2
BRDA:41,8,0,0
BRDA:41,8,1,2
BRDA:74,9,0,0
BRDA:74,9,1,0
BRF:18
BRH:12
end_of_record
TN:
SF:/Users/ren/WebstormProjects/myblog/models/users.js
FNF:0
FNH:0
DA:5,1
DA:6,1
DA:9,2
DA:12,0
LF:4
LH:3
BRF:0
BRH:0
end_of_record
TN:
SF:/Users/ren/WebstormProjects/myblog/lib/mongo.js
FNF:0
FNH:0
DA:5,1
DA:6,1
DA:7,1
DA:8,1
DA:10,1
DA:13,1
DA:15,0
DA:16,0
DA:18,0
DA:21,0
DA:22,0
DA:24,0
DA:27,1
DA:30,1
DA:37,1
DA:40,1
DA:46,1
DA:50,1
DA:55,1
DA:58,1
LF:20
LH:14
BRDA:21,1,0,0
BRDA:21,1,1,0
BRF:2
BRH:0
end_of_record
TN:
SF:/Users/ren/WebstormProjects/myblog/middlewares/check.js
FN:6,(anonymous_1)
FN:13,(anonymous_2)
FNF:2
FNH:1
FNDA:0,(anonymous_1)
FNDA:4,(anonymous_2)
DA:5,1
DA:7,0
DA:8,0
DA:9,0
DA:11,0
DA:14,4
DA:15,0
DA:16,0
DA:18,4
LF:9
LH:3
BRDA:7,1,0,0
BRDA:7,1,1,0
BRDA:14,2,0,0
BRDA:14,2,1,4
BRF:4
BRH:1
end_of_record
TN:
SF:/Users/ren/WebstormProjects/myblog/routers/signin.js
FNF:0
FNH:0
DA:5,1
DA:6,1
DA:7,1
DA:8,1
DA:9,1
DA:10,1
DA:11,0
DA:13,1
DA:14,0
DA:15,0
DA:17,0
DA:19,0
DA:20,0
DA:21,0
DA:24,0
DA:25,0
DA:26,0
DA:29,0
DA:30,0
DA:31,0
DA:32,0
DA:35,1
LF:22
LH:8
BRDA:19,1,0,0
BRDA:19,1,1,0
BRDA:24,2,0,0
BRDA:24,2,1,0
BRF:4
BRH:0
end_of_record
TN:
SF:/Users/ren/WebstormProjects/myblog/routers/signout.js
FNF:0
FNH:0
DA:5,1
DA:6,1
DA:7,1
DA:8,1
DA:9,0
DA:10,0
DA:11,0
DA:14,1
LF:8
LH:5
BRF:0
BRH:0
end_of_record
TN:
SF:/Users/ren/WebstormProjects/myblog/routers/posts.js
FN:103,(anonymous_1)
FN:116,(anonymous_2)
FNF:2
FNH:0
FNDA:0,(anonymous_1)
FNDA:0,(anonymous_2)
DA:5,1
DA:6,1
DA:7,1
DA:8,1
DA:9,1
DA:11,1
DA:12,0
DA:13,0
DA:15,0
DA:21,1
DA:22,0
DA:23,0
DA:24,0
DA:27,0
DA:28,0
DA:29,0
DA:31,0
DA:32,0
DA:35,0
DA:36,0
DA:39,0
DA:46,0
DA:48,0
DA:49,0
DA:50,0
DA:55,1
DA:56,0
DA:59,1
DA:60,0
DA:61,0
DA:66,0
DA:67,0
DA:68,0
DA:69,0
DA:71,0
DA:78,1
DA:79,0
DA:80,0
DA:82,0
DA:84,0
DA:85,0
DA:87,0
DA:88,0
DA:90,0
DA:96,1
DA:97,0
DA:98,0
DA:99,0
DA:100,0
DA:102,0
DA:104,0
DA:106,0
DA:111,1
DA:112,0
DA:113,0
DA:115,0
DA:117,0
DA:119,0
DA:124,1
DA:125,0
DA:126,0
DA:127,0
DA:128,0
DA:133,0
DA:135,0
DA:136,0
DA:140,1
DA:141,0
DA:142,0
DA:143,0
DA:145,0
DA:146,0
DA:150,1
LF:73
LH:15
BRDA:28,1,0,0
BRDA:28,1,1,0
BRDA:31,2,0,0
BRDA:31,2,1,0
BRDA:68,3,0,0
BRDA:68,3,1,0
BRDA:84,4,0,0
BRDA:84,4,1,0
BRDA:87,5,0,0
BRDA:87,5,1,0
BRF:10
BRH:0
end_of_record
TN:
SF:/Users/ren/WebstormProjects/myblog/models/posts.js
FN:77,getRawPostById
FN:89,updatePostById
FN:94,delPostById
FNF:3
FNH:0
FNDA:0,getRawPostById
FNDA:0,updatePostById
FNDA:0,delPostById
DA:5,1
DA:6,1
DA:8,1
DA:10,1
DA:12,0
DA:13,0
DA:14,0
DA:15,0
DA:20,0
DA:21,0
DA:22,0
DA:28,1
DA:30,0
DA:31,0
DA:32,0
DA:36,0
DA:37,0
DA:39,0
DA:43,1
DA:46,0
DA:49,0
DA:58,0
DA:59,0
DA:60,0
DA:62,0
DA:72,0
DA:78,0
DA:83,0
DA:84,0
DA:90,0
DA:95,0
LF:31
LH:6
BRDA:36,1,0,0
BRDA:36,1,1,0
BRDA:59,2,0,0
BRDA:59,2,1,0
BRDA:83,3,0,0
BRDA:83,3,1,0
BRDA:83,4,0,0
BRDA:83,4,1,0
BRF:8
BRH:0
end_of_record
TN:
SF:/Users/ren/WebstormProjects/myblog/models/comments.js
FN:10,(anonymous_1)
FN:11,(anonymous_2)
FNF:2
FNH:0
FNDA:0,(anonymous_1)
FNDA:0,(anonymous_2)
DA:5,1
DA:6,1
DA:9,1
DA:11,0
DA:12,0
DA:13,0
DA:18,1
DA:20,0
DA:24,0
DA:27,0
DA:30,0
DA:38,0
LF:12
LH:4
BRF:0
BRH:0
end_of_record
